<?xml version="1.0" encoding="UTF-8"?>
<!-- Generated by org.testng.reporters.JUnitReportReporter -->
<testsuite hostname="DESKTOP-FPBNB2C" failures="0" tests="1" name="com.practice.SimpleSeleniumTest" time="17.129" errors="0" timestamp="29 Apr. 2020 13:31:46 GMT" skipped="0">
  <testcase classname="com.practice.SimpleSeleniumTest" name="TestMethod" time="17.129"/>
</testsuite> <!-- com.practice.SimpleSeleniumTest -->
